{"level":30,"time":1528114396434,"msg":"Moleculer v0.12.1 is starting...","pid":8134,"hostname":"manjaro","name":"ApiGateway","nodeID":"api-gateway-dd9ac0ff-2b71-49d9-a33f-42ddd6b1e836","ns":"","mod":"broker","v":1}
{"level":30,"time":1528114396435,"msg":"Node ID: api-gateway-dd9ac0ff-2b71-49d9-a33f-42ddd6b1e836","pid":8134,"hostname":"manjaro","name":"ApiGateway","nodeID":"api-gateway-dd9ac0ff-2b71-49d9-a33f-42ddd6b1e836","ns":"","mod":"broker","v":1}
{"level":30,"time":1528114396435,"msg":"Namespace: <not defined>","pid":8134,"hostname":"manjaro","name":"ApiGateway","nodeID":"api-gateway-dd9ac0ff-2b71-49d9-a33f-42ddd6b1e836","ns":"","mod":"broker","v":1}
{"level":30,"time":1528114396436,"msg":"Strategy: RoundRobinStrategy","pid":8134,"hostname":"manjaro","name":"ApiGateway","nodeID":"api-gateway-dd9ac0ff-2b71-49d9-a33f-42ddd6b1e836","ns":"","mod":"registry","v":1}
{"level":30,"time":1528114396438,"msg":"Transporter: AmqpTransporter","pid":8134,"hostname":"manjaro","name":"ApiGateway","nodeID":"api-gateway-dd9ac0ff-2b71-49d9-a33f-42ddd6b1e836","ns":"","mod":"broker","v":1}
{"level":30,"time":1528114396443,"msg":"'$node' service is registered.","pid":8134,"hostname":"manjaro","name":"ApiGateway","nodeID":"api-gateway-dd9ac0ff-2b71-49d9-a33f-42ddd6b1e836","ns":"","mod":"registry","v":1}
{"level":30,"time":1528114396446,"msg":"Connecting to the transporter...","pid":8134,"hostname":"manjaro","name":"ApiGateway","nodeID":"api-gateway-dd9ac0ff-2b71-49d9-a33f-42ddd6b1e836","ns":"","mod":"transit","v":1}
{"level":30,"time":1528114396503,"msg":"AMQP is connected.","pid":8134,"hostname":"manjaro","name":"ApiGateway","nodeID":"api-gateway-dd9ac0ff-2b71-49d9-a33f-42ddd6b1e836","ns":"","mod":"transporter","v":1}
{"level":30,"time":1528114396505,"msg":"AMQP channel is created.","pid":8134,"hostname":"manjaro","name":"ApiGateway","nodeID":"api-gateway-dd9ac0ff-2b71-49d9-a33f-42ddd6b1e836","ns":"","mod":"transporter","v":1}
{"level":30,"time":1528114397223,"msg":"ServiceBroker with 1 service(s) is started successfully.","pid":8134,"hostname":"manjaro","name":"ApiGateway","nodeID":"api-gateway-dd9ac0ff-2b71-49d9-a33f-42ddd6b1e836","ns":"","mod":"broker","v":1}
{"level":30,"time":1528114397386,"msg":"ApiGateway listening on port: 3001","pid":8134,"hostname":"manjaro","name":"ApiGateway","v":1}
{"level":30,"time":1528114425327,"msg":"Moleculer v0.12.1 is starting...","pid":8369,"hostname":"manjaro","name":"ApiGateway","nodeID":"api-gateway-8ccd61e4-665e-4106-9d3b-38287967c0de","ns":"","mod":"broker","v":1}
{"level":30,"time":1528114425330,"msg":"Node ID: api-gateway-8ccd61e4-665e-4106-9d3b-38287967c0de","pid":8369,"hostname":"manjaro","name":"ApiGateway","nodeID":"api-gateway-8ccd61e4-665e-4106-9d3b-38287967c0de","ns":"","mod":"broker","v":1}
{"level":30,"time":1528114425331,"msg":"Namespace: <not defined>","pid":8369,"hostname":"manjaro","name":"ApiGateway","nodeID":"api-gateway-8ccd61e4-665e-4106-9d3b-38287967c0de","ns":"","mod":"broker","v":1}
{"level":30,"time":1528114425331,"msg":"Strategy: RoundRobinStrategy","pid":8369,"hostname":"manjaro","name":"ApiGateway","nodeID":"api-gateway-8ccd61e4-665e-4106-9d3b-38287967c0de","ns":"","mod":"registry","v":1}
{"level":30,"time":1528114425334,"msg":"Transporter: AmqpTransporter","pid":8369,"hostname":"manjaro","name":"ApiGateway","nodeID":"api-gateway-8ccd61e4-665e-4106-9d3b-38287967c0de","ns":"","mod":"broker","v":1}
{"level":30,"time":1528114425339,"msg":"'$node' service is registered.","pid":8369,"hostname":"manjaro","name":"ApiGateway","nodeID":"api-gateway-8ccd61e4-665e-4106-9d3b-38287967c0de","ns":"","mod":"registry","v":1}
{"level":30,"time":1528114425342,"msg":"Connecting to the transporter...","pid":8369,"hostname":"manjaro","name":"ApiGateway","nodeID":"api-gateway-8ccd61e4-665e-4106-9d3b-38287967c0de","ns":"","mod":"transit","v":1}
{"level":30,"time":1528114425400,"msg":"AMQP is connected.","pid":8369,"hostname":"manjaro","name":"ApiGateway","nodeID":"api-gateway-8ccd61e4-665e-4106-9d3b-38287967c0de","ns":"","mod":"transporter","v":1}
{"level":30,"time":1528114425403,"msg":"AMQP channel is created.","pid":8369,"hostname":"manjaro","name":"ApiGateway","nodeID":"api-gateway-8ccd61e4-665e-4106-9d3b-38287967c0de","ns":"","mod":"transporter","v":1}
{"level":30,"time":1528114426104,"msg":"ServiceBroker with 1 service(s) is started successfully.","pid":8369,"hostname":"manjaro","name":"ApiGateway","nodeID":"api-gateway-8ccd61e4-665e-4106-9d3b-38287967c0de","ns":"","mod":"broker","v":1}
{"level":30,"time":1528114426241,"msg":"ApiGateway listening on port: 3001","pid":8369,"hostname":"manjaro","name":"ApiGateway","v":1}
{"level":30,"time":1528114503481,"msg":"Moleculer v0.12.1 is starting...","pid":8951,"hostname":"manjaro","name":"ApiGateway","nodeID":"api-gateway-ede94c13-ce05-49f3-bb3e-d5481d60334e","ns":"","mod":"broker","v":1}
{"level":30,"time":1528114503484,"msg":"Node ID: api-gateway-ede94c13-ce05-49f3-bb3e-d5481d60334e","pid":8951,"hostname":"manjaro","name":"ApiGateway","nodeID":"api-gateway-ede94c13-ce05-49f3-bb3e-d5481d60334e","ns":"","mod":"broker","v":1}
{"level":30,"time":1528114503484,"msg":"Namespace: <not defined>","pid":8951,"hostname":"manjaro","name":"ApiGateway","nodeID":"api-gateway-ede94c13-ce05-49f3-bb3e-d5481d60334e","ns":"","mod":"broker","v":1}
{"level":30,"time":1528114503485,"msg":"Strategy: RoundRobinStrategy","pid":8951,"hostname":"manjaro","name":"ApiGateway","nodeID":"api-gateway-ede94c13-ce05-49f3-bb3e-d5481d60334e","ns":"","mod":"registry","v":1}
{"level":30,"time":1528114503487,"msg":"Transporter: AmqpTransporter","pid":8951,"hostname":"manjaro","name":"ApiGateway","nodeID":"api-gateway-ede94c13-ce05-49f3-bb3e-d5481d60334e","ns":"","mod":"broker","v":1}
{"level":30,"time":1528114503492,"msg":"'$node' service is registered.","pid":8951,"hostname":"manjaro","name":"ApiGateway","nodeID":"api-gateway-ede94c13-ce05-49f3-bb3e-d5481d60334e","ns":"","mod":"registry","v":1}
{"level":30,"time":1528114503496,"msg":"Connecting to the transporter...","pid":8951,"hostname":"manjaro","name":"ApiGateway","nodeID":"api-gateway-ede94c13-ce05-49f3-bb3e-d5481d60334e","ns":"","mod":"transit","v":1}
{"level":30,"time":1528114503553,"msg":"AMQP is connected.","pid":8951,"hostname":"manjaro","name":"ApiGateway","nodeID":"api-gateway-ede94c13-ce05-49f3-bb3e-d5481d60334e","ns":"","mod":"transporter","v":1}
{"level":30,"time":1528114503556,"msg":"AMQP channel is created.","pid":8951,"hostname":"manjaro","name":"ApiGateway","nodeID":"api-gateway-ede94c13-ce05-49f3-bb3e-d5481d60334e","ns":"","mod":"transporter","v":1}
{"level":30,"time":1528114504270,"msg":"ServiceBroker with 1 service(s) is started successfully.","pid":8951,"hostname":"manjaro","name":"ApiGateway","nodeID":"api-gateway-ede94c13-ce05-49f3-bb3e-d5481d60334e","ns":"","mod":"broker","v":1}
{"level":30,"time":1528114504431,"msg":"ApiGateway listening on port: 3001","pid":8951,"hostname":"manjaro","name":"ApiGateway","v":1}
{"level":30,"time":1528114513916,"msg":"Moleculer v0.12.1 is starting...","pid":9080,"hostname":"manjaro","name":"ApiGateway","nodeID":"api-gateway-57e639e3-3569-4613-9a87-b2d1fdf6dba3","ns":"","mod":"broker","v":1}
{"level":30,"time":1528114513919,"msg":"Node ID: api-gateway-57e639e3-3569-4613-9a87-b2d1fdf6dba3","pid":9080,"hostname":"manjaro","name":"ApiGateway","nodeID":"api-gateway-57e639e3-3569-4613-9a87-b2d1fdf6dba3","ns":"","mod":"broker","v":1}
{"level":30,"time":1528114513919,"msg":"Namespace: <not defined>","pid":9080,"hostname":"manjaro","name":"ApiGateway","nodeID":"api-gateway-57e639e3-3569-4613-9a87-b2d1fdf6dba3","ns":"","mod":"broker","v":1}
{"level":30,"time":1528114513920,"msg":"Strategy: RoundRobinStrategy","pid":9080,"hostname":"manjaro","name":"ApiGateway","nodeID":"api-gateway-57e639e3-3569-4613-9a87-b2d1fdf6dba3","ns":"","mod":"registry","v":1}
{"level":30,"time":1528114513922,"msg":"Transporter: AmqpTransporter","pid":9080,"hostname":"manjaro","name":"ApiGateway","nodeID":"api-gateway-57e639e3-3569-4613-9a87-b2d1fdf6dba3","ns":"","mod":"broker","v":1}
{"level":30,"time":1528114513927,"msg":"'$node' service is registered.","pid":9080,"hostname":"manjaro","name":"ApiGateway","nodeID":"api-gateway-57e639e3-3569-4613-9a87-b2d1fdf6dba3","ns":"","mod":"registry","v":1}
{"level":30,"time":1528114513932,"msg":"Connecting to the transporter...","pid":9080,"hostname":"manjaro","name":"ApiGateway","nodeID":"api-gateway-57e639e3-3569-4613-9a87-b2d1fdf6dba3","ns":"","mod":"transit","v":1}
{"level":30,"time":1528114513986,"msg":"AMQP is connected.","pid":9080,"hostname":"manjaro","name":"ApiGateway","nodeID":"api-gateway-57e639e3-3569-4613-9a87-b2d1fdf6dba3","ns":"","mod":"transporter","v":1}
{"level":30,"time":1528114513989,"msg":"AMQP channel is created.","pid":9080,"hostname":"manjaro","name":"ApiGateway","nodeID":"api-gateway-57e639e3-3569-4613-9a87-b2d1fdf6dba3","ns":"","mod":"transporter","v":1}
{"level":30,"time":1528114514689,"msg":"ServiceBroker with 1 service(s) is started successfully.","pid":9080,"hostname":"manjaro","name":"ApiGateway","nodeID":"api-gateway-57e639e3-3569-4613-9a87-b2d1fdf6dba3","ns":"","mod":"broker","v":1}
{"level":30,"time":1528114514817,"msg":"ApiGateway listening on port: 3001","pid":9080,"hostname":"manjaro","name":"ApiGateway","v":1}
{"level":50,"time":1528114516409,"msg":"No","pid":9080,"hostname":"manjaro","name":"ApiGateway","v":1}
{"level":40,"time":1528114516410,"msg":"Service 'Postgres.show' is not registered.","pid":9080,"hostname":"manjaro","name":"ApiGateway","nodeID":"api-gateway-57e639e3-3569-4613-9a87-b2d1fdf6dba3","ns":"","mod":"broker","v":1}
{"level":50,"time":1528114531065,"msg":"No","pid":9080,"hostname":"manjaro","name":"ApiGateway","v":1}
{"level":30,"time":1528114531066,"pid":9080,"hostname":"manjaro","name":"ApiGateway","emailData":{"emailAddress":"user@example.com","historyId":"1234567890"},"v":1}
{"level":30,"time":1528114531069,"msg":"request completed","pid":9080,"hostname":"manjaro","name":"ApiGateway","req":{"id":2,"method":"POST","url":"/email","headers":{"host":"localhost:3001","user-agent":"curl/7.60.0","accept":"*/*","content-type":"application/json","content-length":"198"},"remoteAddress":"::1","remotePort":50658},"res":{"statusCode":200,"header":"HTTP/1.1 200 OK\r\nX-DNS-Prefetch-Control: off\r\nX-Frame-Options: SAMEORIGIN\r\nStrict-Transport-Security: max-age=15552000; includeSubDomains\r\nX-Download-Options: noopen\r\nX-Content-Type-Options: nosniff\r\nX-XSS-Protection: 1; mode=block\r\nAccess-Control-Allow-Origin: *\r\nContent-Type: application/json; charset=utf-8\r\nContent-Length: 15\r\nETag: W/\"f-Y+Dvw7CPwZU2F6ge3QDSsHtCGzw\"\r\nDate: Mon, 04 Jun 2018 12:15:31 GMT\r\nConnection: keep-alive\r\n\r\n"},"responseTime":4,"v":1}
{"level":50,"time":1528114532638,"msg":"No","pid":9080,"hostname":"manjaro","name":"ApiGateway","v":1}
{"level":30,"time":1528114532638,"pid":9080,"hostname":"manjaro","name":"ApiGateway","emailData":{"emailAddress":"user@example.com","historyId":"1234567890"},"v":1}
{"level":30,"time":1528114532641,"msg":"request completed","pid":9080,"hostname":"manjaro","name":"ApiGateway","req":{"id":3,"method":"POST","url":"/email","headers":{"host":"localhost:3001","user-agent":"curl/7.60.0","accept":"*/*","content-type":"application/json","content-length":"198"},"remoteAddress":"::1","remotePort":50676},"res":{"statusCode":200,"header":"HTTP/1.1 200 OK\r\nX-DNS-Prefetch-Control: off\r\nX-Frame-Options: SAMEORIGIN\r\nStrict-Transport-Security: max-age=15552000; includeSubDomains\r\nX-Download-Options: noopen\r\nX-Content-Type-Options: nosniff\r\nX-XSS-Protection: 1; mode=block\r\nAccess-Control-Allow-Origin: *\r\nContent-Type: application/json; charset=utf-8\r\nContent-Length: 15\r\nETag: W/\"f-Y+Dvw7CPwZU2F6ge3QDSsHtCGzw\"\r\nDate: Mon, 04 Jun 2018 12:15:32 GMT\r\nConnection: keep-alive\r\n\r\n"},"responseTime":3,"v":1}
{"level":50,"time":1528114533145,"msg":"No","pid":9080,"hostname":"manjaro","name":"ApiGateway","v":1}
{"level":30,"time":1528114533145,"pid":9080,"hostname":"manjaro","name":"ApiGateway","emailData":{"emailAddress":"user@example.com","historyId":"1234567890"},"v":1}
{"level":30,"time":1528114533146,"msg":"request completed","pid":9080,"hostname":"manjaro","name":"ApiGateway","req":{"id":4,"method":"POST","url":"/email","headers":{"host":"localhost:3001","user-agent":"curl/7.60.0","accept":"*/*","content-type":"application/json","content-length":"198"},"remoteAddress":"::1","remotePort":50678},"res":{"statusCode":200,"header":"HTTP/1.1 200 OK\r\nX-DNS-Prefetch-Control: off\r\nX-Frame-Options: SAMEORIGIN\r\nStrict-Transport-Security: max-age=15552000; includeSubDomains\r\nX-Download-Options: noopen\r\nX-Content-Type-Options: nosniff\r\nX-XSS-Protection: 1; mode=block\r\nAccess-Control-Allow-Origin: *\r\nContent-Type: application/json; charset=utf-8\r\nContent-Length: 15\r\nETag: W/\"f-Y+Dvw7CPwZU2F6ge3QDSsHtCGzw\"\r\nDate: Mon, 04 Jun 2018 12:15:33 GMT\r\nConnection: keep-alive\r\n\r\n"},"responseTime":1,"v":1}
{"level":50,"time":1528114533604,"msg":"No","pid":9080,"hostname":"manjaro","name":"ApiGateway","v":1}
{"level":30,"time":1528114533604,"pid":9080,"hostname":"manjaro","name":"ApiGateway","emailData":{"emailAddress":"user@example.com","historyId":"1234567890"},"v":1}
{"level":30,"time":1528114533605,"msg":"request completed","pid":9080,"hostname":"manjaro","name":"ApiGateway","req":{"id":5,"method":"POST","url":"/email","headers":{"host":"localhost:3001","user-agent":"curl/7.60.0","accept":"*/*","content-type":"application/json","content-length":"198"},"remoteAddress":"::1","remotePort":50688},"res":{"statusCode":200,"header":"HTTP/1.1 200 OK\r\nX-DNS-Prefetch-Control: off\r\nX-Frame-Options: SAMEORIGIN\r\nStrict-Transport-Security: max-age=15552000; includeSubDomains\r\nX-Download-Options: noopen\r\nX-Content-Type-Options: nosniff\r\nX-XSS-Protection: 1; mode=block\r\nAccess-Control-Allow-Origin: *\r\nContent-Type: application/json; charset=utf-8\r\nContent-Length: 15\r\nETag: W/\"f-Y+Dvw7CPwZU2F6ge3QDSsHtCGzw\"\r\nDate: Mon, 04 Jun 2018 12:15:33 GMT\r\nConnection: keep-alive\r\n\r\n"},"responseTime":2,"v":1}
{"level":50,"time":1528114534060,"msg":"No","pid":9080,"hostname":"manjaro","name":"ApiGateway","v":1}
{"level":30,"time":1528114534061,"pid":9080,"hostname":"manjaro","name":"ApiGateway","emailData":{"emailAddress":"user@example.com","historyId":"1234567890"},"v":1}
{"level":30,"time":1528114534062,"msg":"request completed","pid":9080,"hostname":"manjaro","name":"ApiGateway","req":{"id":6,"method":"POST","url":"/email","headers":{"host":"localhost:3001","user-agent":"curl/7.60.0","accept":"*/*","content-type":"application/json","content-length":"198"},"remoteAddress":"::1","remotePort":50690},"res":{"statusCode":200,"header":"HTTP/1.1 200 OK\r\nX-DNS-Prefetch-Control: off\r\nX-Frame-Options: SAMEORIGIN\r\nStrict-Transport-Security: max-age=15552000; includeSubDomains\r\nX-Download-Options: noopen\r\nX-Content-Type-Options: nosniff\r\nX-XSS-Protection: 1; mode=block\r\nAccess-Control-Allow-Origin: *\r\nContent-Type: application/json; charset=utf-8\r\nContent-Length: 15\r\nETag: W/\"f-Y+Dvw7CPwZU2F6ge3QDSsHtCGzw\"\r\nDate: Mon, 04 Jun 2018 12:15:34 GMT\r\nConnection: keep-alive\r\n\r\n"},"responseTime":2,"v":1}
{"level":50,"time":1528114534419,"msg":"No","pid":9080,"hostname":"manjaro","name":"ApiGateway","v":1}
{"level":30,"time":1528114534420,"pid":9080,"hostname":"manjaro","name":"ApiGateway","emailData":{"emailAddress":"user@example.com","historyId":"1234567890"},"v":1}
{"level":30,"time":1528114534421,"msg":"request completed","pid":9080,"hostname":"manjaro","name":"ApiGateway","req":{"id":7,"method":"POST","url":"/email","headers":{"host":"localhost:3001","user-agent":"curl/7.60.0","accept":"*/*","content-type":"application/json","content-length":"198"},"remoteAddress":"::1","remotePort":50692},"res":{"statusCode":200,"header":"HTTP/1.1 200 OK\r\nX-DNS-Prefetch-Control: off\r\nX-Frame-Options: SAMEORIGIN\r\nStrict-Transport-Security: max-age=15552000; includeSubDomains\r\nX-Download-Options: noopen\r\nX-Content-Type-Options: nosniff\r\nX-XSS-Protection: 1; mode=block\r\nAccess-Control-Allow-Origin: *\r\nContent-Type: application/json; charset=utf-8\r\nContent-Length: 15\r\nETag: W/\"f-Y+Dvw7CPwZU2F6ge3QDSsHtCGzw\"\r\nDate: Mon, 04 Jun 2018 12:15:34 GMT\r\nConnection: keep-alive\r\n\r\n"},"responseTime":2,"v":1}
{"level":50,"time":1528114534770,"msg":"No","pid":9080,"hostname":"manjaro","name":"ApiGateway","v":1}
{"level":30,"time":1528114534770,"pid":9080,"hostname":"manjaro","name":"ApiGateway","emailData":{"emailAddress":"user@example.com","historyId":"1234567890"},"v":1}
{"level":30,"time":1528114534771,"msg":"request completed","pid":9080,"hostname":"manjaro","name":"ApiGateway","req":{"id":8,"method":"POST","url":"/email","headers":{"host":"localhost:3001","user-agent":"curl/7.60.0","accept":"*/*","content-type":"application/json","content-length":"198"},"remoteAddress":"::1","remotePort":50702},"res":{"statusCode":200,"header":"HTTP/1.1 200 OK\r\nX-DNS-Prefetch-Control: off\r\nX-Frame-Options: SAMEORIGIN\r\nStrict-Transport-Security: max-age=15552000; includeSubDomains\r\nX-Download-Options: noopen\r\nX-Content-Type-Options: nosniff\r\nX-XSS-Protection: 1; mode=block\r\nAccess-Control-Allow-Origin: *\r\nContent-Type: application/json; charset=utf-8\r\nContent-Length: 15\r\nETag: W/\"f-Y+Dvw7CPwZU2F6ge3QDSsHtCGzw\"\r\nDate: Mon, 04 Jun 2018 12:15:34 GMT\r\nConnection: keep-alive\r\n\r\n"},"responseTime":1,"v":1}
{"level":50,"time":1528114535251,"msg":"No","pid":9080,"hostname":"manjaro","name":"ApiGateway","v":1}
{"level":30,"time":1528114535251,"pid":9080,"hostname":"manjaro","name":"ApiGateway","emailData":{"emailAddress":"user@example.com","historyId":"1234567890"},"v":1}
{"level":30,"time":1528114535254,"msg":"request completed","pid":9080,"hostname":"manjaro","name":"ApiGateway","req":{"id":9,"method":"POST","url":"/email","headers":{"host":"localhost:3001","user-agent":"curl/7.60.0","accept":"*/*","content-type":"application/json","content-length":"198"},"remoteAddress":"::1","remotePort":50704},"res":{"statusCode":200,"header":"HTTP/1.1 200 OK\r\nX-DNS-Prefetch-Control: off\r\nX-Frame-Options: SAMEORIGIN\r\nStrict-Transport-Security: max-age=15552000; includeSubDomains\r\nX-Download-Options: noopen\r\nX-Content-Type-Options: nosniff\r\nX-XSS-Protection: 1; mode=block\r\nAccess-Control-Allow-Origin: *\r\nContent-Type: application/json; charset=utf-8\r\nContent-Length: 15\r\nETag: W/\"f-Y+Dvw7CPwZU2F6ge3QDSsHtCGzw\"\r\nDate: Mon, 04 Jun 2018 12:15:35 GMT\r\nConnection: keep-alive\r\n\r\n"},"responseTime":3,"v":1}
{"level":30,"time":1528114643902,"msg":"Moleculer v0.12.1 is starting...","pid":10294,"hostname":"manjaro","name":"ApiGateway","nodeID":"api-gateway-0d9f6b06-a786-4adf-979e-0ae3283c3798","ns":"","mod":"broker","v":1}
{"level":30,"time":1528114643905,"msg":"Node ID: api-gateway-0d9f6b06-a786-4adf-979e-0ae3283c3798","pid":10294,"hostname":"manjaro","name":"ApiGateway","nodeID":"api-gateway-0d9f6b06-a786-4adf-979e-0ae3283c3798","ns":"","mod":"broker","v":1}
{"level":30,"time":1528114643906,"msg":"Namespace: <not defined>","pid":10294,"hostname":"manjaro","name":"ApiGateway","nodeID":"api-gateway-0d9f6b06-a786-4adf-979e-0ae3283c3798","ns":"","mod":"broker","v":1}
{"level":30,"time":1528114643906,"msg":"Strategy: RoundRobinStrategy","pid":10294,"hostname":"manjaro","name":"ApiGateway","nodeID":"api-gateway-0d9f6b06-a786-4adf-979e-0ae3283c3798","ns":"","mod":"registry","v":1}
{"level":30,"time":1528114643909,"msg":"Transporter: AmqpTransporter","pid":10294,"hostname":"manjaro","name":"ApiGateway","nodeID":"api-gateway-0d9f6b06-a786-4adf-979e-0ae3283c3798","ns":"","mod":"broker","v":1}
{"level":30,"time":1528114643916,"msg":"'$node' service is registered.","pid":10294,"hostname":"manjaro","name":"ApiGateway","nodeID":"api-gateway-0d9f6b06-a786-4adf-979e-0ae3283c3798","ns":"","mod":"registry","v":1}
{"level":30,"time":1528114643920,"msg":"Connecting to the transporter...","pid":10294,"hostname":"manjaro","name":"ApiGateway","nodeID":"api-gateway-0d9f6b06-a786-4adf-979e-0ae3283c3798","ns":"","mod":"transit","v":1}
{"level":30,"time":1528114643979,"msg":"AMQP is connected.","pid":10294,"hostname":"manjaro","name":"ApiGateway","nodeID":"api-gateway-0d9f6b06-a786-4adf-979e-0ae3283c3798","ns":"","mod":"transporter","v":1}
{"level":30,"time":1528114643983,"msg":"AMQP channel is created.","pid":10294,"hostname":"manjaro","name":"ApiGateway","nodeID":"api-gateway-0d9f6b06-a786-4adf-979e-0ae3283c3798","ns":"","mod":"transporter","v":1}
{"level":30,"time":1528114644686,"msg":"ServiceBroker with 1 service(s) is started successfully.","pid":10294,"hostname":"manjaro","name":"ApiGateway","nodeID":"api-gateway-0d9f6b06-a786-4adf-979e-0ae3283c3798","ns":"","mod":"broker","v":1}
{"level":30,"time":1528114644836,"msg":"ApiGateway listening on port: 3001","pid":10294,"hostname":"manjaro","name":"ApiGateway","v":1}
{"level":50,"time":1528114647160,"msg":"No","pid":10294,"hostname":"manjaro","name":"ApiGateway","v":1}
{"level":30,"time":1528114647161,"pid":10294,"hostname":"manjaro","name":"ApiGateway","emailData":{"emailAddress":"user@example.com","historyId":"1234567890"},"v":1}
{"level":30,"time":1528114647165,"msg":"request completed","pid":10294,"hostname":"manjaro","name":"ApiGateway","req":{"id":1,"method":"POST","url":"/email","headers":{"host":"localhost:3001","user-agent":"curl/7.60.0","accept":"*/*","content-type":"application/json","content-length":"198"},"remoteAddress":"::1","remotePort":51668},"res":{"statusCode":200,"header":"HTTP/1.1 200 OK\r\nX-DNS-Prefetch-Control: off\r\nX-Frame-Options: SAMEORIGIN\r\nStrict-Transport-Security: max-age=15552000; includeSubDomains\r\nX-Download-Options: noopen\r\nX-Content-Type-Options: nosniff\r\nX-XSS-Protection: 1; mode=block\r\nAccess-Control-Allow-Origin: *\r\nContent-Type: application/json; charset=utf-8\r\nContent-Length: 15\r\nETag: W/\"f-Y+Dvw7CPwZU2F6ge3QDSsHtCGzw\"\r\nDate: Mon, 04 Jun 2018 12:17:27 GMT\r\nConnection: keep-alive\r\n\r\n"},"responseTime":6,"v":1}
{"level":50,"time":1528114649376,"msg":"No","pid":10294,"hostname":"manjaro","name":"ApiGateway","v":1}
{"level":40,"time":1528114649377,"msg":"Service 'Postgres.show' is not registered.","pid":10294,"hostname":"manjaro","name":"ApiGateway","nodeID":"api-gateway-0d9f6b06-a786-4adf-979e-0ae3283c3798","ns":"","mod":"broker","v":1}
{"level":50,"time":1528114658579,"msg":"No","pid":10294,"hostname":"manjaro","name":"ApiGateway","v":1}
{"level":40,"time":1528114658580,"msg":"Service 'Postgres.show' is not registered.","pid":10294,"hostname":"manjaro","name":"ApiGateway","nodeID":"api-gateway-0d9f6b06-a786-4adf-979e-0ae3283c3798","ns":"","mod":"broker","v":1}
{"level":30,"time":1528114671082,"msg":"Moleculer v0.12.1 is starting...","pid":10606,"hostname":"manjaro","name":"ApiGateway","nodeID":"api-gateway-ca756c7b-3b0e-4b03-af57-da526307c755","ns":"","mod":"broker","v":1}
{"level":30,"time":1528114671085,"msg":"Node ID: api-gateway-ca756c7b-3b0e-4b03-af57-da526307c755","pid":10606,"hostname":"manjaro","name":"ApiGateway","nodeID":"api-gateway-ca756c7b-3b0e-4b03-af57-da526307c755","ns":"","mod":"broker","v":1}
{"level":30,"time":1528114671086,"msg":"Namespace: <not defined>","pid":10606,"hostname":"manjaro","name":"ApiGateway","nodeID":"api-gateway-ca756c7b-3b0e-4b03-af57-da526307c755","ns":"","mod":"broker","v":1}
{"level":30,"time":1528114671086,"msg":"Strategy: RoundRobinStrategy","pid":10606,"hostname":"manjaro","name":"ApiGateway","nodeID":"api-gateway-ca756c7b-3b0e-4b03-af57-da526307c755","ns":"","mod":"registry","v":1}
{"level":30,"time":1528114671089,"msg":"Transporter: AmqpTransporter","pid":10606,"hostname":"manjaro","name":"ApiGateway","nodeID":"api-gateway-ca756c7b-3b0e-4b03-af57-da526307c755","ns":"","mod":"broker","v":1}
{"level":30,"time":1528114671094,"msg":"'$node' service is registered.","pid":10606,"hostname":"manjaro","name":"ApiGateway","nodeID":"api-gateway-ca756c7b-3b0e-4b03-af57-da526307c755","ns":"","mod":"registry","v":1}
{"level":30,"time":1528114671099,"msg":"Connecting to the transporter...","pid":10606,"hostname":"manjaro","name":"ApiGateway","nodeID":"api-gateway-ca756c7b-3b0e-4b03-af57-da526307c755","ns":"","mod":"transit","v":1}
{"level":30,"time":1528114671159,"msg":"AMQP is connected.","pid":10606,"hostname":"manjaro","name":"ApiGateway","nodeID":"api-gateway-ca756c7b-3b0e-4b03-af57-da526307c755","ns":"","mod":"transporter","v":1}
{"level":30,"time":1528114671162,"msg":"AMQP channel is created.","pid":10606,"hostname":"manjaro","name":"ApiGateway","nodeID":"api-gateway-ca756c7b-3b0e-4b03-af57-da526307c755","ns":"","mod":"transporter","v":1}
{"level":30,"time":1528114671854,"msg":"ServiceBroker with 1 service(s) is started successfully.","pid":10606,"hostname":"manjaro","name":"ApiGateway","nodeID":"api-gateway-ca756c7b-3b0e-4b03-af57-da526307c755","ns":"","mod":"broker","v":1}
{"level":30,"time":1528114672017,"msg":"ApiGateway listening on port: 3001","pid":10606,"hostname":"manjaro","name":"ApiGateway","v":1}
{"level":50,"time":1528114674610,"msg":"No","pid":10606,"hostname":"manjaro","name":"ApiGateway","v":1}
{"level":40,"time":1528114674612,"msg":"Service 'Postgres.show' is not registered.","pid":10606,"hostname":"manjaro","name":"ApiGateway","nodeID":"api-gateway-ca756c7b-3b0e-4b03-af57-da526307c755","ns":"","mod":"broker","v":1}
{"level":30,"time":1528114702701,"msg":"Moleculer v0.12.1 is starting...","pid":10901,"hostname":"manjaro","name":"ApiGateway","nodeID":"api-gateway-c2c65288-ec9e-4340-8044-1c424882fdc4","ns":"","mod":"broker","v":1}
{"level":30,"time":1528114702705,"msg":"Node ID: api-gateway-c2c65288-ec9e-4340-8044-1c424882fdc4","pid":10901,"hostname":"manjaro","name":"ApiGateway","nodeID":"api-gateway-c2c65288-ec9e-4340-8044-1c424882fdc4","ns":"","mod":"broker","v":1}
{"level":30,"time":1528114702705,"msg":"Namespace: <not defined>","pid":10901,"hostname":"manjaro","name":"ApiGateway","nodeID":"api-gateway-c2c65288-ec9e-4340-8044-1c424882fdc4","ns":"","mod":"broker","v":1}
{"level":30,"time":1528114702706,"msg":"Strategy: RoundRobinStrategy","pid":10901,"hostname":"manjaro","name":"ApiGateway","nodeID":"api-gateway-c2c65288-ec9e-4340-8044-1c424882fdc4","ns":"","mod":"registry","v":1}
{"level":30,"time":1528114702709,"msg":"Transporter: AmqpTransporter","pid":10901,"hostname":"manjaro","name":"ApiGateway","nodeID":"api-gateway-c2c65288-ec9e-4340-8044-1c424882fdc4","ns":"","mod":"broker","v":1}
{"level":30,"time":1528114702715,"msg":"'$node' service is registered.","pid":10901,"hostname":"manjaro","name":"ApiGateway","nodeID":"api-gateway-c2c65288-ec9e-4340-8044-1c424882fdc4","ns":"","mod":"registry","v":1}
{"level":30,"time":1528114702718,"msg":"Connecting to the transporter...","pid":10901,"hostname":"manjaro","name":"ApiGateway","nodeID":"api-gateway-c2c65288-ec9e-4340-8044-1c424882fdc4","ns":"","mod":"transit","v":1}
{"level":30,"time":1528114702773,"msg":"AMQP is connected.","pid":10901,"hostname":"manjaro","name":"ApiGateway","nodeID":"api-gateway-c2c65288-ec9e-4340-8044-1c424882fdc4","ns":"","mod":"transporter","v":1}
{"level":30,"time":1528114702776,"msg":"AMQP channel is created.","pid":10901,"hostname":"manjaro","name":"ApiGateway","nodeID":"api-gateway-c2c65288-ec9e-4340-8044-1c424882fdc4","ns":"","mod":"transporter","v":1}
{"level":30,"time":1528114703477,"msg":"ServiceBroker with 1 service(s) is started successfully.","pid":10901,"hostname":"manjaro","name":"ApiGateway","nodeID":"api-gateway-c2c65288-ec9e-4340-8044-1c424882fdc4","ns":"","mod":"broker","v":1}
{"level":30,"time":1528114703614,"msg":"ApiGateway listening on port: 3001","pid":10901,"hostname":"manjaro","name":"ApiGateway","v":1}
{"level":40,"time":1528114704672,"msg":"Service 'Postgres.show' is not registered.","pid":10901,"hostname":"manjaro","name":"ApiGateway","nodeID":"api-gateway-c2c65288-ec9e-4340-8044-1c424882fdc4","ns":"","mod":"broker","v":1}
{"level":30,"time":1528114758821,"msg":"Moleculer v0.12.1 is starting...","pid":11331,"hostname":"manjaro","name":"ApiGateway","nodeID":"api-gateway-3dbd8257-5b7c-43aa-8c3d-8bb3d74b592a","ns":"","mod":"broker","v":1}
{"level":30,"time":1528114758825,"msg":"Node ID: api-gateway-3dbd8257-5b7c-43aa-8c3d-8bb3d74b592a","pid":11331,"hostname":"manjaro","name":"ApiGateway","nodeID":"api-gateway-3dbd8257-5b7c-43aa-8c3d-8bb3d74b592a","ns":"","mod":"broker","v":1}
{"level":30,"time":1528114758826,"msg":"Namespace: <not defined>","pid":11331,"hostname":"manjaro","name":"ApiGateway","nodeID":"api-gateway-3dbd8257-5b7c-43aa-8c3d-8bb3d74b592a","ns":"","mod":"broker","v":1}
{"level":30,"time":1528114758827,"msg":"Strategy: RoundRobinStrategy","pid":11331,"hostname":"manjaro","name":"ApiGateway","nodeID":"api-gateway-3dbd8257-5b7c-43aa-8c3d-8bb3d74b592a","ns":"","mod":"registry","v":1}
{"level":30,"time":1528114758830,"msg":"Transporter: AmqpTransporter","pid":11331,"hostname":"manjaro","name":"ApiGateway","nodeID":"api-gateway-3dbd8257-5b7c-43aa-8c3d-8bb3d74b592a","ns":"","mod":"broker","v":1}
{"level":30,"time":1528114758836,"msg":"'$node' service is registered.","pid":11331,"hostname":"manjaro","name":"ApiGateway","nodeID":"api-gateway-3dbd8257-5b7c-43aa-8c3d-8bb3d74b592a","ns":"","mod":"registry","v":1}
{"level":30,"time":1528114758840,"msg":"Connecting to the transporter...","pid":11331,"hostname":"manjaro","name":"ApiGateway","nodeID":"api-gateway-3dbd8257-5b7c-43aa-8c3d-8bb3d74b592a","ns":"","mod":"transit","v":1}
{"level":30,"time":1528114758899,"msg":"AMQP is connected.","pid":11331,"hostname":"manjaro","name":"ApiGateway","nodeID":"api-gateway-3dbd8257-5b7c-43aa-8c3d-8bb3d74b592a","ns":"","mod":"transporter","v":1}
{"level":30,"time":1528114758903,"msg":"AMQP channel is created.","pid":11331,"hostname":"manjaro","name":"ApiGateway","nodeID":"api-gateway-3dbd8257-5b7c-43aa-8c3d-8bb3d74b592a","ns":"","mod":"transporter","v":1}
{"level":30,"time":1528114759597,"msg":"ServiceBroker with 1 service(s) is started successfully.","pid":11331,"hostname":"manjaro","name":"ApiGateway","nodeID":"api-gateway-3dbd8257-5b7c-43aa-8c3d-8bb3d74b592a","ns":"","mod":"broker","v":1}
{"level":30,"time":1528114759745,"msg":"ApiGateway listening on port: 3001","pid":11331,"hostname":"manjaro","name":"ApiGateway","v":1}
{"level":40,"time":1528114760161,"msg":"Service 'Postgres.show' is not registered.","pid":11331,"hostname":"manjaro","name":"ApiGateway","nodeID":"api-gateway-3dbd8257-5b7c-43aa-8c3d-8bb3d74b592a","ns":"","mod":"broker","v":1}
{"level":30,"time":1528114819772,"msg":"Moleculer v0.12.1 is starting...","pid":11567,"hostname":"manjaro","name":"ApiGateway","nodeID":"api-gateway-c74343d3-d5e8-40b8-ac5c-3c1161f8c595","ns":"","mod":"broker","v":1}
{"level":30,"time":1528114819775,"msg":"Node ID: api-gateway-c74343d3-d5e8-40b8-ac5c-3c1161f8c595","pid":11567,"hostname":"manjaro","name":"ApiGateway","nodeID":"api-gateway-c74343d3-d5e8-40b8-ac5c-3c1161f8c595","ns":"","mod":"broker","v":1}
{"level":30,"time":1528114819776,"msg":"Namespace: <not defined>","pid":11567,"hostname":"manjaro","name":"ApiGateway","nodeID":"api-gateway-c74343d3-d5e8-40b8-ac5c-3c1161f8c595","ns":"","mod":"broker","v":1}
{"level":30,"time":1528114819776,"msg":"Strategy: RoundRobinStrategy","pid":11567,"hostname":"manjaro","name":"ApiGateway","nodeID":"api-gateway-c74343d3-d5e8-40b8-ac5c-3c1161f8c595","ns":"","mod":"registry","v":1}
{"level":30,"time":1528114819779,"msg":"Transporter: AmqpTransporter","pid":11567,"hostname":"manjaro","name":"ApiGateway","nodeID":"api-gateway-c74343d3-d5e8-40b8-ac5c-3c1161f8c595","ns":"","mod":"broker","v":1}
{"level":30,"time":1528114819786,"msg":"'$node' service is registered.","pid":11567,"hostname":"manjaro","name":"ApiGateway","nodeID":"api-gateway-c74343d3-d5e8-40b8-ac5c-3c1161f8c595","ns":"","mod":"registry","v":1}
{"level":30,"time":1528114819790,"msg":"Connecting to the transporter...","pid":11567,"hostname":"manjaro","name":"ApiGateway","nodeID":"api-gateway-c74343d3-d5e8-40b8-ac5c-3c1161f8c595","ns":"","mod":"transit","v":1}
{"level":30,"time":1528114819847,"msg":"AMQP is connected.","pid":11567,"hostname":"manjaro","name":"ApiGateway","nodeID":"api-gateway-c74343d3-d5e8-40b8-ac5c-3c1161f8c595","ns":"","mod":"transporter","v":1}
{"level":30,"time":1528114819850,"msg":"AMQP channel is created.","pid":11567,"hostname":"manjaro","name":"ApiGateway","nodeID":"api-gateway-c74343d3-d5e8-40b8-ac5c-3c1161f8c595","ns":"","mod":"transporter","v":1}
{"level":30,"time":1528114820543,"msg":"ServiceBroker with 1 service(s) is started successfully.","pid":11567,"hostname":"manjaro","name":"ApiGateway","nodeID":"api-gateway-c74343d3-d5e8-40b8-ac5c-3c1161f8c595","ns":"","mod":"broker","v":1}
{"level":30,"time":1528114820683,"msg":"ApiGateway listening on port: 3001","pid":11567,"hostname":"manjaro","name":"ApiGateway","v":1}
{"level":40,"time":1528114822268,"msg":"Service 'Postgres.show' is not registered.","pid":11567,"hostname":"manjaro","name":"ApiGateway","nodeID":"api-gateway-c74343d3-d5e8-40b8-ac5c-3c1161f8c595","ns":"","mod":"broker","v":1}
{"level":30,"time":1528114848360,"msg":"Moleculer v0.12.1 is starting...","pid":11938,"hostname":"manjaro","name":"ApiGateway","nodeID":"api-gateway-8892cb6a-ec28-49b6-ae01-5663f1e2bf7d","ns":"","mod":"broker","v":1}
{"level":30,"time":1528114848364,"msg":"Node ID: api-gateway-8892cb6a-ec28-49b6-ae01-5663f1e2bf7d","pid":11938,"hostname":"manjaro","name":"ApiGateway","nodeID":"api-gateway-8892cb6a-ec28-49b6-ae01-5663f1e2bf7d","ns":"","mod":"broker","v":1}
{"level":30,"time":1528114848365,"msg":"Namespace: <not defined>","pid":11938,"hostname":"manjaro","name":"ApiGateway","nodeID":"api-gateway-8892cb6a-ec28-49b6-ae01-5663f1e2bf7d","ns":"","mod":"broker","v":1}
{"level":30,"time":1528114848366,"msg":"Strategy: RoundRobinStrategy","pid":11938,"hostname":"manjaro","name":"ApiGateway","nodeID":"api-gateway-8892cb6a-ec28-49b6-ae01-5663f1e2bf7d","ns":"","mod":"registry","v":1}
{"level":30,"time":1528114848369,"msg":"Transporter: AmqpTransporter","pid":11938,"hostname":"manjaro","name":"ApiGateway","nodeID":"api-gateway-8892cb6a-ec28-49b6-ae01-5663f1e2bf7d","ns":"","mod":"broker","v":1}
{"level":30,"time":1528114848374,"msg":"'$node' service is registered.","pid":11938,"hostname":"manjaro","name":"ApiGateway","nodeID":"api-gateway-8892cb6a-ec28-49b6-ae01-5663f1e2bf7d","ns":"","mod":"registry","v":1}
{"level":30,"time":1528114848378,"msg":"Connecting to the transporter...","pid":11938,"hostname":"manjaro","name":"ApiGateway","nodeID":"api-gateway-8892cb6a-ec28-49b6-ae01-5663f1e2bf7d","ns":"","mod":"transit","v":1}
{"level":30,"time":1528114848433,"msg":"AMQP is connected.","pid":11938,"hostname":"manjaro","name":"ApiGateway","nodeID":"api-gateway-8892cb6a-ec28-49b6-ae01-5663f1e2bf7d","ns":"","mod":"transporter","v":1}
{"level":30,"time":1528114848436,"msg":"AMQP channel is created.","pid":11938,"hostname":"manjaro","name":"ApiGateway","nodeID":"api-gateway-8892cb6a-ec28-49b6-ae01-5663f1e2bf7d","ns":"","mod":"transporter","v":1}
{"level":30,"time":1528114849109,"msg":"ServiceBroker with 1 service(s) is started successfully.","pid":11938,"hostname":"manjaro","name":"ApiGateway","nodeID":"api-gateway-8892cb6a-ec28-49b6-ae01-5663f1e2bf7d","ns":"","mod":"broker","v":1}
{"level":30,"time":1528114849253,"msg":"ApiGateway listening on port: 3001","pid":11938,"hostname":"manjaro","name":"ApiGateway","v":1}
{"level":40,"time":1528114849798,"msg":"Service 'Postgres.show' is not registered.","pid":11938,"hostname":"manjaro","name":"ApiGateway","nodeID":"api-gateway-8892cb6a-ec28-49b6-ae01-5663f1e2bf7d","ns":"","mod":"broker","v":1}
{"level":30,"time":1528114866145,"msg":"Moleculer v0.12.1 is starting...","pid":12133,"hostname":"manjaro","name":"ApiGateway","nodeID":"api-gateway-62144840-f301-4560-9893-24fe63dd0051","ns":"","mod":"broker","v":1}
{"level":30,"time":1528114866148,"msg":"Node ID: api-gateway-62144840-f301-4560-9893-24fe63dd0051","pid":12133,"hostname":"manjaro","name":"ApiGateway","nodeID":"api-gateway-62144840-f301-4560-9893-24fe63dd0051","ns":"","mod":"broker","v":1}
{"level":30,"time":1528114866149,"msg":"Namespace: <not defined>","pid":12133,"hostname":"manjaro","name":"ApiGateway","nodeID":"api-gateway-62144840-f301-4560-9893-24fe63dd0051","ns":"","mod":"broker","v":1}
{"level":30,"time":1528114866149,"msg":"Strategy: RoundRobinStrategy","pid":12133,"hostname":"manjaro","name":"ApiGateway","nodeID":"api-gateway-62144840-f301-4560-9893-24fe63dd0051","ns":"","mod":"registry","v":1}
{"level":30,"time":1528114866152,"msg":"Transporter: AmqpTransporter","pid":12133,"hostname":"manjaro","name":"ApiGateway","nodeID":"api-gateway-62144840-f301-4560-9893-24fe63dd0051","ns":"","mod":"broker","v":1}
{"level":30,"time":1528114866159,"msg":"'$node' service is registered.","pid":12133,"hostname":"manjaro","name":"ApiGateway","nodeID":"api-gateway-62144840-f301-4560-9893-24fe63dd0051","ns":"","mod":"registry","v":1}
{"level":30,"time":1528114866163,"msg":"Connecting to the transporter...","pid":12133,"hostname":"manjaro","name":"ApiGateway","nodeID":"api-gateway-62144840-f301-4560-9893-24fe63dd0051","ns":"","mod":"transit","v":1}
{"level":30,"time":1528114866223,"msg":"AMQP is connected.","pid":12133,"hostname":"manjaro","name":"ApiGateway","nodeID":"api-gateway-62144840-f301-4560-9893-24fe63dd0051","ns":"","mod":"transporter","v":1}
{"level":30,"time":1528114866226,"msg":"AMQP channel is created.","pid":12133,"hostname":"manjaro","name":"ApiGateway","nodeID":"api-gateway-62144840-f301-4560-9893-24fe63dd0051","ns":"","mod":"transporter","v":1}
{"level":30,"time":1528114866934,"msg":"ServiceBroker with 1 service(s) is started successfully.","pid":12133,"hostname":"manjaro","name":"ApiGateway","nodeID":"api-gateway-62144840-f301-4560-9893-24fe63dd0051","ns":"","mod":"broker","v":1}
{"level":30,"time":1528114867018,"msg":"ApiGateway listening on port: 3001","pid":12133,"hostname":"manjaro","name":"ApiGateway","v":1}
{"level":30,"time":1528114867187,"msg":"request completed","pid":12133,"hostname":"manjaro","name":"ApiGateway","req":{"id":1,"method":"POST","url":"/postgres","headers":{"host":"localhost:3001","user-agent":"curl/7.60.0","accept":"*/*","content-type":"application/json","content-length":"198"},"remoteAddress":"::1","remotePort":53548},"res":{"statusCode":404,"header":"HTTP/1.1 404 Not Found\r\nX-DNS-Prefetch-Control: off\r\nX-Frame-Options: SAMEORIGIN\r\nStrict-Transport-Security: max-age=15552000; includeSubDomains\r\nX-Download-Options: noopen\r\nX-Content-Type-Options: nosniff\r\nX-XSS-Protection: 1; mode=block\r\nAccess-Control-Allow-Origin: *\r\nContent-Security-Policy: default-src 'self'\r\nContent-Type: text/html; charset=utf-8\r\nContent-Length: 148\r\nDate: Mon, 04 Jun 2018 12:21:07 GMT\r\nConnection: keep-alive\r\n\r\n"},"responseTime":3,"v":1}
{"level":30,"time":1528114904851,"msg":"Moleculer v0.12.1 is starting...","pid":12553,"hostname":"manjaro","name":"ApiGateway","nodeID":"api-gateway-0da946b1-6c30-40c6-9925-e8495ea41176","ns":"","mod":"broker","v":1}
{"level":30,"time":1528114904855,"msg":"Node ID: api-gateway-0da946b1-6c30-40c6-9925-e8495ea41176","pid":12553,"hostname":"manjaro","name":"ApiGateway","nodeID":"api-gateway-0da946b1-6c30-40c6-9925-e8495ea41176","ns":"","mod":"broker","v":1}
{"level":30,"time":1528114904855,"msg":"Namespace: <not defined>","pid":12553,"hostname":"manjaro","name":"ApiGateway","nodeID":"api-gateway-0da946b1-6c30-40c6-9925-e8495ea41176","ns":"","mod":"broker","v":1}
{"level":30,"time":1528114904856,"msg":"Strategy: RoundRobinStrategy","pid":12553,"hostname":"manjaro","name":"ApiGateway","nodeID":"api-gateway-0da946b1-6c30-40c6-9925-e8495ea41176","ns":"","mod":"registry","v":1}
{"level":30,"time":1528114904858,"msg":"Transporter: AmqpTransporter","pid":12553,"hostname":"manjaro","name":"ApiGateway","nodeID":"api-gateway-0da946b1-6c30-40c6-9925-e8495ea41176","ns":"","mod":"broker","v":1}
{"level":30,"time":1528114904863,"msg":"'$node' service is registered.","pid":12553,"hostname":"manjaro","name":"ApiGateway","nodeID":"api-gateway-0da946b1-6c30-40c6-9925-e8495ea41176","ns":"","mod":"registry","v":1}
{"level":30,"time":1528114904868,"msg":"Connecting to the transporter...","pid":12553,"hostname":"manjaro","name":"ApiGateway","nodeID":"api-gateway-0da946b1-6c30-40c6-9925-e8495ea41176","ns":"","mod":"transit","v":1}
{"level":30,"time":1528114904926,"msg":"AMQP is connected.","pid":12553,"hostname":"manjaro","name":"ApiGateway","nodeID":"api-gateway-0da946b1-6c30-40c6-9925-e8495ea41176","ns":"","mod":"transporter","v":1}
{"level":30,"time":1528114904931,"msg":"AMQP channel is created.","pid":12553,"hostname":"manjaro","name":"ApiGateway","nodeID":"api-gateway-0da946b1-6c30-40c6-9925-e8495ea41176","ns":"","mod":"transporter","v":1}
{"level":30,"time":1528114905597,"msg":"ServiceBroker with 1 service(s) is started successfully.","pid":12553,"hostname":"manjaro","name":"ApiGateway","nodeID":"api-gateway-0da946b1-6c30-40c6-9925-e8495ea41176","ns":"","mod":"broker","v":1}
{"level":30,"time":1528114905725,"msg":"ApiGateway listening on port: 3001","pid":12553,"hostname":"manjaro","name":"ApiGateway","v":1}
{"level":40,"time":1528114909237,"msg":"Service 'Postgres.show' is not registered.","pid":12553,"hostname":"manjaro","name":"ApiGateway","nodeID":"api-gateway-0da946b1-6c30-40c6-9925-e8495ea41176","ns":"","mod":"broker","v":1}
{"level":30,"time":1528114952656,"msg":"Moleculer v0.12.1 is starting...","pid":12847,"hostname":"manjaro","name":"ApiGateway","nodeID":"api-gateway-7a3c25a7-c334-4063-a081-d0acf6cc5d37","ns":"","mod":"broker","v":1}
{"level":30,"time":1528114952660,"msg":"Node ID: api-gateway-7a3c25a7-c334-4063-a081-d0acf6cc5d37","pid":12847,"hostname":"manjaro","name":"ApiGateway","nodeID":"api-gateway-7a3c25a7-c334-4063-a081-d0acf6cc5d37","ns":"","mod":"broker","v":1}
{"level":30,"time":1528114952660,"msg":"Namespace: <not defined>","pid":12847,"hostname":"manjaro","name":"ApiGateway","nodeID":"api-gateway-7a3c25a7-c334-4063-a081-d0acf6cc5d37","ns":"","mod":"broker","v":1}
{"level":30,"time":1528114952661,"msg":"Strategy: RoundRobinStrategy","pid":12847,"hostname":"manjaro","name":"ApiGateway","nodeID":"api-gateway-7a3c25a7-c334-4063-a081-d0acf6cc5d37","ns":"","mod":"registry","v":1}
{"level":30,"time":1528114952664,"msg":"Transporter: AmqpTransporter","pid":12847,"hostname":"manjaro","name":"ApiGateway","nodeID":"api-gateway-7a3c25a7-c334-4063-a081-d0acf6cc5d37","ns":"","mod":"broker","v":1}
{"level":30,"time":1528114952670,"msg":"'$node' service is registered.","pid":12847,"hostname":"manjaro","name":"ApiGateway","nodeID":"api-gateway-7a3c25a7-c334-4063-a081-d0acf6cc5d37","ns":"","mod":"registry","v":1}
{"level":30,"time":1528114952674,"msg":"Connecting to the transporter...","pid":12847,"hostname":"manjaro","name":"ApiGateway","nodeID":"api-gateway-7a3c25a7-c334-4063-a081-d0acf6cc5d37","ns":"","mod":"transit","v":1}
{"level":30,"time":1528114952729,"msg":"AMQP is connected.","pid":12847,"hostname":"manjaro","name":"ApiGateway","nodeID":"api-gateway-7a3c25a7-c334-4063-a081-d0acf6cc5d37","ns":"","mod":"transporter","v":1}
{"level":30,"time":1528114952732,"msg":"AMQP channel is created.","pid":12847,"hostname":"manjaro","name":"ApiGateway","nodeID":"api-gateway-7a3c25a7-c334-4063-a081-d0acf6cc5d37","ns":"","mod":"transporter","v":1}
{"level":30,"time":1528114953429,"msg":"ServiceBroker with 1 service(s) is started successfully.","pid":12847,"hostname":"manjaro","name":"ApiGateway","nodeID":"api-gateway-7a3c25a7-c334-4063-a081-d0acf6cc5d37","ns":"","mod":"broker","v":1}
{"level":30,"time":1528114953558,"msg":"ApiGateway listening on port: 3001","pid":12847,"hostname":"manjaro","name":"ApiGateway","v":1}
{"level":40,"time":1528114954014,"msg":"Service 'Postgres.show' is not registered.","pid":12847,"hostname":"manjaro","name":"ApiGateway","nodeID":"api-gateway-7a3c25a7-c334-4063-a081-d0acf6cc5d37","ns":"","mod":"broker","v":1}
{"level":30,"time":1528114986192,"msg":"Moleculer v0.12.1 is starting...","pid":13115,"hostname":"manjaro","name":"ApiGateway","nodeID":"api-gateway-5e57d8a3-619f-4b2c-9817-76e952b6fb26","ns":"","mod":"broker","v":1}
{"level":30,"time":1528114986195,"msg":"Node ID: api-gateway-5e57d8a3-619f-4b2c-9817-76e952b6fb26","pid":13115,"hostname":"manjaro","name":"ApiGateway","nodeID":"api-gateway-5e57d8a3-619f-4b2c-9817-76e952b6fb26","ns":"","mod":"broker","v":1}
{"level":30,"time":1528114986195,"msg":"Namespace: <not defined>","pid":13115,"hostname":"manjaro","name":"ApiGateway","nodeID":"api-gateway-5e57d8a3-619f-4b2c-9817-76e952b6fb26","ns":"","mod":"broker","v":1}
{"level":30,"time":1528114986196,"msg":"Strategy: RoundRobinStrategy","pid":13115,"hostname":"manjaro","name":"ApiGateway","nodeID":"api-gateway-5e57d8a3-619f-4b2c-9817-76e952b6fb26","ns":"","mod":"registry","v":1}
{"level":30,"time":1528114986198,"msg":"Transporter: AmqpTransporter","pid":13115,"hostname":"manjaro","name":"ApiGateway","nodeID":"api-gateway-5e57d8a3-619f-4b2c-9817-76e952b6fb26","ns":"","mod":"broker","v":1}
{"level":30,"time":1528114986204,"msg":"'$node' service is registered.","pid":13115,"hostname":"manjaro","name":"ApiGateway","nodeID":"api-gateway-5e57d8a3-619f-4b2c-9817-76e952b6fb26","ns":"","mod":"registry","v":1}
{"level":30,"time":1528114986209,"msg":"Connecting to the transporter...","pid":13115,"hostname":"manjaro","name":"ApiGateway","nodeID":"api-gateway-5e57d8a3-619f-4b2c-9817-76e952b6fb26","ns":"","mod":"transit","v":1}
{"level":30,"time":1528114986280,"msg":"AMQP is connected.","pid":13115,"hostname":"manjaro","name":"ApiGateway","nodeID":"api-gateway-5e57d8a3-619f-4b2c-9817-76e952b6fb26","ns":"","mod":"transporter","v":1}
{"level":30,"time":1528114986284,"msg":"AMQP channel is created.","pid":13115,"hostname":"manjaro","name":"ApiGateway","nodeID":"api-gateway-5e57d8a3-619f-4b2c-9817-76e952b6fb26","ns":"","mod":"transporter","v":1}
{"level":30,"time":1528114986987,"msg":"ServiceBroker with 1 service(s) is started successfully.","pid":13115,"hostname":"manjaro","name":"ApiGateway","nodeID":"api-gateway-5e57d8a3-619f-4b2c-9817-76e952b6fb26","ns":"","mod":"broker","v":1}
{"level":30,"time":1528114987114,"msg":"ApiGateway listening on port: 3001","pid":13115,"hostname":"manjaro","name":"ApiGateway","v":1}
{"level":30,"time":1528114989133,"pid":13115,"hostname":"manjaro","name":"ApiGateway","emailData":{"emailAddress":"user@example.com","historyId":"1234567890"},"v":1}
{"level":30,"time":1528114989137,"msg":"request completed","pid":13115,"hostname":"manjaro","name":"ApiGateway","req":{"id":1,"method":"POST","url":"/email","headers":{"host":"localhost:3001","user-agent":"curl/7.60.0","accept":"*/*","content-type":"application/json","content-length":"198"},"remoteAddress":"::1","remotePort":54586},"res":{"statusCode":200,"header":"HTTP/1.1 200 OK\r\nX-DNS-Prefetch-Control: off\r\nX-Frame-Options: SAMEORIGIN\r\nStrict-Transport-Security: max-age=15552000; includeSubDomains\r\nX-Download-Options: noopen\r\nX-Content-Type-Options: nosniff\r\nX-XSS-Protection: 1; mode=block\r\nAccess-Control-Allow-Origin: *\r\nContent-Type: application/json; charset=utf-8\r\nContent-Length: 15\r\nETag: W/\"f-Y+Dvw7CPwZU2F6ge3QDSsHtCGzw\"\r\nDate: Mon, 04 Jun 2018 12:23:09 GMT\r\nConnection: keep-alive\r\n\r\n"},"responseTime":5,"v":1}
{"level":30,"time":1528114994404,"pid":13115,"hostname":"manjaro","name":"ApiGateway","emailData":{"emailAddress":"user@example.com","historyId":"1234567890"},"v":1}
{"level":30,"time":1528114994408,"msg":"request completed","pid":13115,"hostname":"manjaro","name":"ApiGateway","req":{"id":2,"method":"POST","url":"/email","headers":{"host":"localhost:3001","user-agent":"curl/7.60.0","accept":"*/*","content-type":"application/json","content-length":"198"},"remoteAddress":"::1","remotePort":54628},"res":{"statusCode":200,"header":"HTTP/1.1 200 OK\r\nX-DNS-Prefetch-Control: off\r\nX-Frame-Options: SAMEORIGIN\r\nStrict-Transport-Security: max-age=15552000; includeSubDomains\r\nX-Download-Options: noopen\r\nX-Content-Type-Options: nosniff\r\nX-XSS-Protection: 1; mode=block\r\nAccess-Control-Allow-Origin: *\r\nContent-Type: application/json; charset=utf-8\r\nContent-Length: 15\r\nETag: W/\"f-Y+Dvw7CPwZU2F6ge3QDSsHtCGzw\"\r\nDate: Mon, 04 Jun 2018 12:23:14 GMT\r\nConnection: keep-alive\r\n\r\n"},"responseTime":4,"v":1}
{"level":30,"time":1528114995179,"pid":13115,"hostname":"manjaro","name":"ApiGateway","emailData":{"emailAddress":"user@example.com","historyId":"1234567890"},"v":1}
{"level":30,"time":1528114995180,"msg":"request completed","pid":13115,"hostname":"manjaro","name":"ApiGateway","req":{"id":3,"method":"POST","url":"/email","headers":{"host":"localhost:3001","user-agent":"curl/7.60.0","accept":"*/*","content-type":"application/json","content-length":"198"},"remoteAddress":"::1","remotePort":54638},"res":{"statusCode":200,"header":"HTTP/1.1 200 OK\r\nX-DNS-Prefetch-Control: off\r\nX-Frame-Options: SAMEORIGIN\r\nStrict-Transport-Security: max-age=15552000; includeSubDomains\r\nX-Download-Options: noopen\r\nX-Content-Type-Options: nosniff\r\nX-XSS-Protection: 1; mode=block\r\nAccess-Control-Allow-Origin: *\r\nContent-Type: application/json; charset=utf-8\r\nContent-Length: 15\r\nETag: W/\"f-Y+Dvw7CPwZU2F6ge3QDSsHtCGzw\"\r\nDate: Mon, 04 Jun 2018 12:23:15 GMT\r\nConnection: keep-alive\r\n\r\n"},"responseTime":1,"v":1}
{"level":30,"time":1528114995733,"pid":13115,"hostname":"manjaro","name":"ApiGateway","emailData":{"emailAddress":"user@example.com","historyId":"1234567890"},"v":1}
{"level":30,"time":1528114995734,"msg":"request completed","pid":13115,"hostname":"manjaro","name":"ApiGateway","req":{"id":4,"method":"POST","url":"/email","headers":{"host":"localhost:3001","user-agent":"curl/7.60.0","accept":"*/*","content-type":"application/json","content-length":"198"},"remoteAddress":"::1","remotePort":54640},"res":{"statusCode":200,"header":"HTTP/1.1 200 OK\r\nX-DNS-Prefetch-Control: off\r\nX-Frame-Options: SAMEORIGIN\r\nStrict-Transport-Security: max-age=15552000; includeSubDomains\r\nX-Download-Options: noopen\r\nX-Content-Type-Options: nosniff\r\nX-XSS-Protection: 1; mode=block\r\nAccess-Control-Allow-Origin: *\r\nContent-Type: application/json; charset=utf-8\r\nContent-Length: 15\r\nETag: W/\"f-Y+Dvw7CPwZU2F6ge3QDSsHtCGzw\"\r\nDate: Mon, 04 Jun 2018 12:23:15 GMT\r\nConnection: keep-alive\r\n\r\n"},"responseTime":1,"v":1}
